<?xml version="1.0" encoding="UTF-8"?>
<!-- Generated by org.testng.reporters.JUnitXMLReporter -->
<testsuite ignored="1" hostname="Sachin-Sharma" failures="0" tests="3" name="Login Page test" time="63.494" errors="0" timestamp="21 Jun 2023 09:46:40 GMT">
  <testcase classname="com.qa.trcrm.tests.LoginPageTest" name="verifyLoginPageTitleTest" time="0.075"/>
  <testcase classname="com.qa.trcrm.tests.LoginPageTest" name="verifySignNowLinkTest" time="0.177"/>
  <testcase classname="com.qa.trcrm.tests.LoginPageTest" name="loginTest" time="18.94"/>
  <testcase classname="com.qa.trcrm.tests.LoginPageTest" name="login_InvalidTestCases" time="0.0">
    <ignored/>
  </testcase> <!-- login_InvalidTestCases -->
</testsuite> <!-- Login Page test -->
