<?xml version="1.0" encoding="UTF-8"?>
<!-- Generated by org.testng.reporters.JUnitXMLReporter -->
<testsuite ignored="0" hostname="Sachin-Sharma" failures="0" tests="3" name="sanity test" time="26.343" errors="0" timestamp="20 Jun 2023 04:28:51 GMT">
  <testcase classname="com.qa.trcrm.tests.LoginPageTest" name="verifyLoginPageTitleTest" time="0.082"/>
  <testcase classname="com.qa.trcrm.tests.LoginPageTest" name="verifySignNowLinkTest" time="0.135"/>
  <testcase classname="com.qa.trcrm.tests.LoginPageTest" name="loginTest" time="7.928"/>
</testsuite> <!-- sanity test -->
