<?xml version="1.0" encoding="UTF-8"?>
<!-- Generated by org.testng.reporters.JUnitXMLReporter -->
<testsuite hostname="Sachin-Sharma" ignored="2" name="Surefire test" tests="6" failures="0" timestamp="20 Jun 2023 18:56:27 GMT" time="56.418" errors="0">
  <testcase name="verifyHomePageTitleTest" time="0.04" classname="com.qa.trcrm.tests.HomePageTest"/>
  <testcase name="verifyLoginPageTitleTest" time="0.021" classname="com.qa.trcrm.tests.LoginPageTest"/>
  <testcase name="verifyHomePageHeaderTest" time="0.093" classname="com.qa.trcrm.tests.HomePageTest"/>
  <testcase name="verifySignNowLinkTest" time="0.142" classname="com.qa.trcrm.tests.LoginPageTest"/>
  <testcase name="verifyLoggedInUserTest" time="0.053" classname="com.qa.trcrm.tests.HomePageTest"/>
  <testcase name="loginTest" time="13.996" classname="com.qa.trcrm.tests.LoginPageTest"/>
  <testcase name="f" time="0.0" classname="com.qa.trcrm.tests.ContactsPageTest">
    <ignored/>
  </testcase> <!-- f -->
  <testcase name="login_InvalidTestCases" time="0.0" classname="com.qa.trcrm.tests.LoginPageTest">
    <ignored/>
  </testcase> <!-- login_InvalidTestCases -->
</testsuite> <!-- Surefire test -->
