<?xml version="1.0" encoding="UTF-8"?>
<!-- Generated by org.testng.reporters.JUnitXMLReporter -->
<testsuite ignored="1" hostname="Sachin-Sharma" failures="0" tests="3" name="Default test" time="69.147" errors="0" timestamp="21 Jun 2023 11:43:11 GMT">
  <testcase classname="com.qa.trcrm.tests.LoginPageTest" name="verifyLoginPageTitleTest" time="0.035"/>
  <testcase classname="com.qa.trcrm.tests.LoginPageTest" name="verifySignNowLinkTest" time="0.18"/>
  <testcase classname="com.qa.trcrm.tests.LoginPageTest" name="loginTest" time="15.657"/>
  <testcase classname="com.qa.trcrm.tests.LoginPageTest" name="login_InvalidTestCases" time="0.0">
    <ignored/>
  </testcase> <!-- login_InvalidTestCases -->
</testsuite> <!-- Default test -->
