<?xml version="1.0" encoding="UTF-8"?>
<!-- Generated by org.testng.reporters.JUnitXMLReporter -->
<testsuite ignored="0" hostname="Sachin-Sharma" failures="0" tests="3" name="Home Page test" time="73.348" errors="0" timestamp="21 Jun 2023 17:47:13 GMT">
  <testcase classname="com.qa.trcrm.tests.HomePageTest" name="verifyHomePageTitleTest" time="0.051"/>
  <testcase classname="com.qa.trcrm.tests.HomePageTest" name="verifyHomePageHeaderTest" time="0.135"/>
  <testcase classname="com.qa.trcrm.tests.HomePageTest" name="verifyLoggedInUserTest" time="0.053"/>
</testsuite> <!-- Home Page test -->
