<?xml version="1.0" encoding="UTF-8"?>
<!-- Generated by org.testng.reporters.JUnitXMLReporter -->
<testsuite ignored="0" hostname="Sachin-Sharma" failures="0" tests="3" name="Home Page test" time="25.624" errors="0" timestamp="22 Jun 2023 10:29:50 GMT">
  <testcase classname="com.qa.trcrm.tests.HomePageTest" name="verifyHomePageTitleTest" time="0.04"/>
  <testcase classname="com.qa.trcrm.tests.HomePageTest" name="verifyHomePageHeaderTest" time="0.088"/>
  <testcase classname="com.qa.trcrm.tests.HomePageTest" name="verifyLoggedInUserTest" time="0.036"/>
</testsuite> <!-- Home Page test -->
