<?xml version="1.0" encoding="UTF-8"?>
<testng-results ignored="1" total="4" passed="2" failed="1" skipped="0">
  <reporter-output>
  </reporter-output>
  <suite started-at="2023-06-22T09:19:18Z" name="trcrm app sanity suite" finished-at="2023-06-22T09:20:00Z" duration-ms="41574">
    <groups>
    </groups>
    <test started-at="2023-06-22T09:19:18Z" name="Login Page test" finished-at="2023-06-22T09:20:00Z" duration-ms="41574">
      <class name="com.qa.trcrm.tests.LoginPageTest">
        <test-method is-config="true" signature="setUp()[pri:0, instance:com.qa.trcrm.tests.LoginPageTest@a38c7fe]" started-at="2023-06-22T09:19:18Z" name="setUp" finished-at="2023-06-22T09:19:42Z" duration-ms="23907" status="PASS">
          <reporter-output>
          </reporter-output>
        </test-method> <!-- setUp -->
        <test-method signature="verifyLoginPageTitleTest()[pri:1, instance:com.qa.trcrm.tests.LoginPageTest@a38c7fe]" started-at="2023-06-22T09:19:42Z" name="verifyLoginPageTitleTest" finished-at="2023-06-22T09:19:44Z" duration-ms="1525" status="PASS">
          <reporter-output>
          </reporter-output>
        </test-method> <!-- verifyLoginPageTitleTest -->
        <test-method signature="verifySignNowLinkTest()[pri:2, instance:com.qa.trcrm.tests.LoginPageTest@a38c7fe]" started-at="2023-06-22T09:19:44Z" name="verifySignNowLinkTest" finished-at="2023-06-22T09:19:45Z" duration-ms="838" status="FAIL">
          <exception class="java.lang.NullPointerException">
            <message>
              <![CDATA[Cannot invoke "org.openqa.selenium.WebElement.isDisplayed()" because the return value of "com.qa.trcrm.utils.ElementUtil.getElement(org.openqa.selenium.By)" is null]]>
            </message>
            <full-stacktrace>
              <![CDATA[java.lang.NullPointerException: Cannot invoke "org.openqa.selenium.WebElement.isDisplayed()" because the return value of "com.qa.trcrm.utils.ElementUtil.getElement(org.openqa.selenium.By)" is null
at com.qa.trcrm.utils.ElementUtil.doIsDisplayed(ElementUtil.java:81)
at com.qa.trcrm.pages.LoginPage.verifySignUpLink(LoginPage.java:61)
at com.qa.trcrm.tests.LoginPageTest.verifySignNowLinkTest(LoginPageTest.java:45)
at java.base/jdk.internal.reflect.NativeMethodAccessorImpl.invoke0(Native Method)
at java.base/jdk.internal.reflect.NativeMethodAccessorImpl.invoke(NativeMethodAccessorImpl.java:77)
at java.base/jdk.internal.reflect.DelegatingMethodAccessorImpl.invoke(DelegatingMethodAccessorImpl.java:43)
at java.base/java.lang.reflect.Method.invoke(Method.java:568)
at org.testng.internal.MethodInvocationHelper.invokeMethod(MethodInvocationHelper.java:124)
at org.testng.internal.Invoker.invokeMethod(Invoker.java:583)
at org.testng.internal.Invoker.invokeTestMethod(Invoker.java:719)
at org.testng.internal.Invoker.invokeTestMethods(Invoker.java:989)
at org.testng.internal.TestMethodWorker.invokeTestMethods(TestMethodWorker.java:125)
at org.testng.internal.TestMethodWorker.run(TestMethodWorker.java:109)
at org.testng.TestRunner.privateRun(TestRunner.java:648)
at org.testng.TestRunner.run(TestRunner.java:505)
at org.testng.SuiteRunner.runTest(SuiteRunner.java:455)
at org.testng.SuiteRunner.runSequentially(SuiteRunner.java:450)
at org.testng.SuiteRunner.privateRun(SuiteRunner.java:415)
at org.testng.SuiteRunner.run(SuiteRunner.java:364)
at org.testng.SuiteRunnerWorker.runSuite(SuiteRunnerWorker.java:52)
at org.testng.SuiteRunnerWorker.run(SuiteRunnerWorker.java:84)
at org.testng.TestNG.runSuitesSequentially(TestNG.java:1208)
at org.testng.TestNG.runSuitesLocally(TestNG.java:1137)
at org.testng.TestNG.runSuites(TestNG.java:1049)
at org.testng.TestNG.run(TestNG.java:1017)
at org.apache.maven.surefire.testng.TestNGExecutor.run(TestNGExecutor.java:283)
at org.apache.maven.surefire.testng.TestNGXmlTestSuite.execute(TestNGXmlTestSuite.java:75)
at org.apache.maven.surefire.testng.TestNGProvider.invoke(TestNGProvider.java:120)
at org.apache.maven.surefire.booter.ForkedBooter.invokeProviderInSameClassLoader(ForkedBooter.java:386)
at org.apache.maven.surefire.booter.ForkedBooter.runSuitesInProcess(ForkedBooter.java:323)
at org.apache.maven.surefire.booter.ForkedBooter.main(ForkedBooter.java:143)
]]>
            </full-stacktrace>
          </exception> <!-- java.lang.NullPointerException -->
          <reporter-output>
          </reporter-output>
        </test-method> <!-- verifySignNowLinkTest -->
        <test-method signature="loginTest()[pri:3, instance:com.qa.trcrm.tests.LoginPageTest@a38c7fe]" started-at="2023-06-22T09:19:45Z" name="loginTest" finished-at="2023-06-22T09:19:58Z" duration-ms="13527" status="PASS">
          <reporter-output>
          </reporter-output>
        </test-method> <!-- loginTest -->
        <test-method is-config="true" signature="tearDown()[pri:0, instance:com.qa.trcrm.tests.LoginPageTest@a38c7fe]" started-at="2023-06-22T09:19:58Z" name="tearDown" finished-at="2023-06-22T09:20:00Z" duration-ms="1704" status="PASS">
          <reporter-output>
          </reporter-output>
        </test-method> <!-- tearDown -->
      </class> <!-- com.qa.trcrm.tests.LoginPageTest -->
    </test> <!-- Login Page test -->
  </suite> <!-- trcrm app sanity suite -->
</testng-results>
