<?xml version="1.0" encoding="UTF-8"?>
<testng-results skipped="0" failed="0" ignored="2" total="8" passed="6">
  <reporter-output>
  </reporter-output>
  <suite name="Surefire suite" duration-ms="56418" started-at="2023-06-20T18:55:31Z" finished-at="2023-06-20T18:56:27Z">
    <groups>
    </groups>
    <test name="Surefire test" duration-ms="56418" started-at="2023-06-20T18:55:31Z" finished-at="2023-06-20T18:56:27Z">
      <class name="com.qa.trcrm.tests.LoginPageTest">
        <test-method status="PASS" signature="verifyLoginPageTitleTest()[pri:1, instance:com.qa.trcrm.tests.LoginPageTest@26f67b76]" name="verifyLoginPageTitleTest" duration-ms="21" started-at="2023-06-20T18:56:10Z" finished-at="2023-06-20T18:56:10Z">
          <reporter-output>
          </reporter-output>
        </test-method> <!-- verifyLoginPageTitleTest -->
        <test-method status="PASS" signature="verifySignNowLinkTest()[pri:2, instance:com.qa.trcrm.tests.LoginPageTest@26f67b76]" name="verifySignNowLinkTest" duration-ms="142" started-at="2023-06-20T18:56:10Z" finished-at="2023-06-20T18:56:10Z">
          <reporter-output>
          </reporter-output>
        </test-method> <!-- verifySignNowLinkTest -->
        <test-method status="PASS" signature="loginTest()[pri:3, instance:com.qa.trcrm.tests.LoginPageTest@26f67b76]" name="loginTest" duration-ms="13996" started-at="2023-06-20T18:56:10Z" finished-at="2023-06-20T18:56:24Z">
          <reporter-output>
          </reporter-output>
        </test-method> <!-- loginTest -->
      </class> <!-- com.qa.trcrm.tests.LoginPageTest -->
      <class name="com.qa.trcrm.tests.HomePageTest">
        <test-method status="PASS" signature="setUp()[pri:0, instance:com.qa.trcrm.tests.HomePageTest@97e1986]" name="setUp" is-config="true" duration-ms="27240" started-at="2023-06-20T18:55:31Z" finished-at="2023-06-20T18:55:58Z">
          <reporter-output>
          </reporter-output>
        </test-method> <!-- setUp -->
        <test-method status="PASS" signature="setUp()[pri:0, instance:com.qa.trcrm.tests.LoginPageTest@26f67b76]" name="setUp" is-config="true" duration-ms="11966" started-at="2023-06-20T18:55:58Z" finished-at="2023-06-20T18:56:10Z">
          <reporter-output>
          </reporter-output>
        </test-method> <!-- setUp -->
        <test-method status="PASS" signature="verifyHomePageTitleTest()[pri:1, instance:com.qa.trcrm.tests.HomePageTest@97e1986]" name="verifyHomePageTitleTest" duration-ms="40" started-at="2023-06-20T18:56:10Z" finished-at="2023-06-20T18:56:10Z">
          <reporter-output>
          </reporter-output>
        </test-method> <!-- verifyHomePageTitleTest -->
        <test-method status="PASS" signature="verifyHomePageHeaderTest()[pri:2, instance:com.qa.trcrm.tests.HomePageTest@97e1986]" name="verifyHomePageHeaderTest" duration-ms="93" started-at="2023-06-20T18:56:10Z" finished-at="2023-06-20T18:56:10Z">
          <reporter-output>
          </reporter-output>
        </test-method> <!-- verifyHomePageHeaderTest -->
        <test-method status="PASS" signature="verifyLoggedInUserTest()[pri:3, instance:com.qa.trcrm.tests.HomePageTest@97e1986]" name="verifyLoggedInUserTest" duration-ms="53" started-at="2023-06-20T18:56:10Z" finished-at="2023-06-20T18:56:10Z">
          <reporter-output>
          </reporter-output>
        </test-method> <!-- verifyLoggedInUserTest -->
        <test-method status="PASS" signature="tearDown()[pri:0, instance:com.qa.trcrm.tests.HomePageTest@97e1986]" name="tearDown" is-config="true" duration-ms="1131" started-at="2023-06-20T18:56:24Z" finished-at="2023-06-20T18:56:25Z">
          <reporter-output>
          </reporter-output>
        </test-method> <!-- tearDown -->
        <test-method status="PASS" signature="tearDown()[pri:0, instance:com.qa.trcrm.tests.LoginPageTest@26f67b76]" name="tearDown" is-config="true" duration-ms="1692" started-at="2023-06-20T18:56:25Z" finished-at="2023-06-20T18:56:27Z">
          <reporter-output>
          </reporter-output>
        </test-method> <!-- tearDown -->
      </class> <!-- com.qa.trcrm.tests.HomePageTest -->
    </test> <!-- Surefire test -->
  </suite> <!-- Surefire suite -->
</testng-results>
