<?xml version="1.0" encoding="UTF-8"?>
<testng-results ignored="1" total="7" passed="5" failed="1" skipped="0">
  <reporter-output>
    <line>
      <![CDATA[Test cases verifyLoginPageTitleTest]]>
    </line>
    <line>
      <![CDATA[status 1]]>
    </line>
    <line>
      <![CDATA[Test cases verifySignNowLinkTest]]>
    </line>
    <line>
      <![CDATA[Test cases loginTest]]>
    </line>
    <line>
      <![CDATA[status 1]]>
    </line>
    <line>
      <![CDATA[Test cases verifyHomePageTitleTest]]>
    </line>
    <line>
      <![CDATA[status 1]]>
    </line>
    <line>
      <![CDATA[Test cases verifyHomePageHeaderTest]]>
    </line>
    <line>
      <![CDATA[status 1]]>
    </line>
    <line>
      <![CDATA[Test cases verifyLoggedInUserTest]]>
    </line>
    <line>
      <![CDATA[status 1]]>
    </line>
  </reporter-output>
  <suite started-at="2023-06-21T17:44:39Z" name="trcrm app regression suite" finished-at="2023-06-21T17:47:13Z" duration-ms="153168">
    <groups>
    </groups>
    <test started-at="2023-06-21T17:44:39Z" name="Login Page test" finished-at="2023-06-21T17:45:58Z" duration-ms="78869">
      <class name="com.qa.trcrm.tests.LoginPageTest">
        <test-method is-config="true" signature="setUp()[pri:0, instance:com.qa.trcrm.tests.LoginPageTest@2250b9f2]" started-at="2023-06-21T17:44:39Z" name="setUp" finished-at="2023-06-21T17:44:54Z" duration-ms="15068" status="PASS">
          <reporter-output>
          </reporter-output>
        </test-method> <!-- setUp -->
        <test-method signature="verifyLoginPageTitleTest()[pri:1, instance:com.qa.trcrm.tests.LoginPageTest@2250b9f2]" started-at="2023-06-21T17:44:55Z" name="verifyLoginPageTitleTest" finished-at="2023-06-21T17:44:55Z" duration-ms="109" status="PASS">
          <reporter-output>
            <line>
              <![CDATA[Test cases verifyLoginPageTitleTest]]>
            </line>
            <line>
              <![CDATA[status 1]]>
            </line>
          </reporter-output>
        </test-method> <!-- verifyLoginPageTitleTest -->
        <test-method signature="verifySignNowLinkTest()[pri:2, instance:com.qa.trcrm.tests.LoginPageTest@2250b9f2]" started-at="2023-06-21T17:44:55Z" name="verifySignNowLinkTest" finished-at="2023-06-21T17:44:55Z" duration-ms="119" status="FAIL">
          <exception class="java.lang.NullPointerException">
            <message>
              <![CDATA[Cannot invoke "org.openqa.selenium.WebElement.isDisplayed()" because the return value of "com.qa.trcrm.utils.ElementUtil.getElement(org.openqa.selenium.By)" is null]]>
            </message>
            <full-stacktrace>
              <![CDATA[java.lang.NullPointerException: Cannot invoke "org.openqa.selenium.WebElement.isDisplayed()" because the return value of "com.qa.trcrm.utils.ElementUtil.getElement(org.openqa.selenium.By)" is null
at com.qa.trcrm.utils.ElementUtil.doIsDisplayed(ElementUtil.java:81)
at com.qa.trcrm.pages.LoginPage.verifySignUpLink(LoginPage.java:61)
at com.qa.trcrm.tests.LoginPageTest.verifySignNowLinkTest(LoginPageTest.java:45)
at java.base/jdk.internal.reflect.NativeMethodAccessorImpl.invoke0(Native Method)
at java.base/jdk.internal.reflect.NativeMethodAccessorImpl.invoke(NativeMethodAccessorImpl.java:77)
at java.base/jdk.internal.reflect.DelegatingMethodAccessorImpl.invoke(DelegatingMethodAccessorImpl.java:43)
at java.base/java.lang.reflect.Method.invoke(Method.java:568)
at org.testng.internal.MethodInvocationHelper.invokeMethod(MethodInvocationHelper.java:124)
at org.testng.internal.Invoker.invokeMethod(Invoker.java:583)
at org.testng.internal.Invoker.invokeTestMethod(Invoker.java:719)
at org.testng.internal.Invoker.invokeTestMethods(Invoker.java:989)
at org.testng.internal.TestMethodWorker.invokeTestMethods(TestMethodWorker.java:125)
at org.testng.internal.TestMethodWorker.run(TestMethodWorker.java:109)
at org.testng.TestRunner.privateRun(TestRunner.java:648)
at org.testng.TestRunner.run(TestRunner.java:505)
at org.testng.SuiteRunner.runTest(SuiteRunner.java:455)
at org.testng.SuiteRunner.runSequentially(SuiteRunner.java:450)
at org.testng.SuiteRunner.privateRun(SuiteRunner.java:415)
at org.testng.SuiteRunner.run(SuiteRunner.java:364)
at org.testng.SuiteRunnerWorker.runSuite(SuiteRunnerWorker.java:52)
at org.testng.SuiteRunnerWorker.run(SuiteRunnerWorker.java:84)
at org.testng.TestNG.runSuitesSequentially(TestNG.java:1208)
at org.testng.TestNG.runSuitesLocally(TestNG.java:1137)
at org.testng.TestNG.runSuites(TestNG.java:1049)
at org.testng.TestNG.run(TestNG.java:1017)
at org.testng.remote.AbstractRemoteTestNG.run(AbstractRemoteTestNG.java:115)
at org.testng.remote.RemoteTestNG.initAndRun(RemoteTestNG.java:251)
at org.testng.remote.RemoteTestNG.main(RemoteTestNG.java:77)
]]>
            </full-stacktrace>
          </exception> <!-- java.lang.NullPointerException -->
          <reporter-output>
            <line>
              <![CDATA[Test cases verifySignNowLinkTest]]>
            </line>
          </reporter-output>
        </test-method> <!-- verifySignNowLinkTest -->
        <test-method signature="loginTest()[pri:3, instance:com.qa.trcrm.tests.LoginPageTest@2250b9f2]" started-at="2023-06-21T17:44:55Z" name="loginTest" finished-at="2023-06-21T17:45:57Z" duration-ms="61505" status="PASS">
          <reporter-output>
            <line>
              <![CDATA[Test cases loginTest]]>
            </line>
            <line>
              <![CDATA[status 1]]>
            </line>
          </reporter-output>
        </test-method> <!-- loginTest -->
        <test-method is-config="true" signature="tearDown()[pri:0, instance:com.qa.trcrm.tests.LoginPageTest@2250b9f2]" started-at="2023-06-21T17:45:57Z" name="tearDown" finished-at="2023-06-21T17:45:58Z" duration-ms="1590" status="PASS">
          <reporter-output>
          </reporter-output>
        </test-method> <!-- tearDown -->
      </class> <!-- com.qa.trcrm.tests.LoginPageTest -->
    </test> <!-- Login Page test -->
    <test started-at="2023-06-21T17:45:59Z" name="Home Page test" finished-at="2023-06-21T17:47:13Z" duration-ms="73348">
      <class name="com.qa.trcrm.tests.HomePageTest">
        <test-method is-config="true" signature="setUp()[pri:0, instance:com.qa.trcrm.tests.HomePageTest@6986bbaf]" started-at="2023-06-21T17:45:59Z" name="setUp" finished-at="2023-06-21T17:47:10Z" duration-ms="70919" status="PASS">
          <reporter-output>
          </reporter-output>
        </test-method> <!-- setUp -->
        <test-method signature="verifyHomePageTitleTest()[pri:1, instance:com.qa.trcrm.tests.HomePageTest@6986bbaf]" started-at="2023-06-21T17:47:10Z" name="verifyHomePageTitleTest" finished-at="2023-06-21T17:47:10Z" duration-ms="51" status="PASS">
          <reporter-output>
            <line>
              <![CDATA[Test cases verifyHomePageTitleTest]]>
            </line>
            <line>
              <![CDATA[status 1]]>
            </line>
          </reporter-output>
        </test-method> <!-- verifyHomePageTitleTest -->
        <test-method signature="verifyHomePageHeaderTest()[pri:2, instance:com.qa.trcrm.tests.HomePageTest@6986bbaf]" started-at="2023-06-21T17:47:10Z" name="verifyHomePageHeaderTest" finished-at="2023-06-21T17:47:10Z" duration-ms="135" status="PASS">
          <reporter-output>
            <line>
              <![CDATA[Test cases verifyHomePageHeaderTest]]>
            </line>
            <line>
              <![CDATA[status 1]]>
            </line>
          </reporter-output>
        </test-method> <!-- verifyHomePageHeaderTest -->
        <test-method signature="verifyLoggedInUserTest()[pri:3, instance:com.qa.trcrm.tests.HomePageTest@6986bbaf]" started-at="2023-06-21T17:47:10Z" name="verifyLoggedInUserTest" finished-at="2023-06-21T17:47:10Z" duration-ms="53" status="PASS">
          <reporter-output>
            <line>
              <![CDATA[Test cases verifyLoggedInUserTest]]>
            </line>
            <line>
              <![CDATA[status 1]]>
            </line>
          </reporter-output>
        </test-method> <!-- verifyLoggedInUserTest -->
        <test-method is-config="true" signature="tearDown()[pri:0, instance:com.qa.trcrm.tests.HomePageTest@6986bbaf]" started-at="2023-06-21T17:47:10Z" name="tearDown" finished-at="2023-06-21T17:47:13Z" duration-ms="2169" status="PASS">
          <reporter-output>
          </reporter-output>
        </test-method> <!-- tearDown -->
      </class> <!-- com.qa.trcrm.tests.HomePageTest -->
    </test> <!-- Home Page test -->
  </suite> <!-- trcrm app regression suite -->
</testng-results>
